<?xml version="1.0" encoding="UTF-8"?>
<!-- Generated by org.testng.reporters.JUnitXMLReporter -->
<testsuite ignored="9" hostname="evyatar" failures="0" tests="24" name="Command line test" time="0.504" errors="0" timestamp="2022-01-09T21:22:15 IST">
  <testcase classname="testcases.AccountPageTest" name="@BeforeMethod setup" time="-1.641756134674E9">
    <failure type="org.testng.TestNGException" message="
Parameter &amp;apos;browser&amp;apos; is required by BeforeMethod on method setup but has not been marked @Optional or defined
">
      <![CDATA[org.testng.TestNGException: 
Parameter 'browser' is required by BeforeMethod on method setup but has not been marked @Optional or defined

at java.base/java.util.ArrayList.forEach(ArrayList.java:1511)
... Removed 38 stack frames]]>
    </failure>
  </testcase> <!-- @BeforeMethod setup -->
  <testcase classname="testcases.AccountPageTest" name="@AfterMethod tearDown" time="-1.64175613468E9">
    <skipped/>
  </testcase> <!-- @AfterMethod tearDown -->
  <testcase classname="testcases.AccountPageTest" name="@BeforeMethod setup" time="-1.641756134682E9">
    <skipped/>
  </testcase> <!-- @BeforeMethod setup -->
  <testcase classname="testcases.AccountPageTest" name="@AfterMethod tearDown" time="-1.641756134682E9">
    <skipped/>
  </testcase> <!-- @AfterMethod tearDown -->
  <testcase classname="testcases.AccountPageTest" name="@BeforeMethod setup" time="-1.641756134682E9">
    <skipped/>
  </testcase> <!-- @BeforeMethod setup -->
  <testcase classname="testcases.AccountPageTest" name="@AfterMethod tearDown" time="-1.641756134682E9">
    <skipped/>
  </testcase> <!-- @AfterMethod tearDown -->
  <testcase classname="testcases.AddressPageTest" name="@BeforeMethod setup" time="-1.641756134683E9">
    <failure type="org.testng.TestNGException" message="
Parameter &amp;apos;browser&amp;apos; is required by BeforeMethod on method setup but has not been marked @Optional or defined
">
      <![CDATA[org.testng.TestNGException: 
Parameter 'browser' is required by BeforeMethod on method setup but has not been marked @Optional or defined

at java.base/java.util.ArrayList.forEach(ArrayList.java:1511)
... Removed 38 stack frames]]>
    </failure>
  </testcase> <!-- @BeforeMethod setup -->
  <testcase classname="testcases.AddressPageTest" name="@AfterMethod tearDown" time="-1.641756134684E9">
    <skipped/>
  </testcase> <!-- @AfterMethod tearDown -->
  <testcase classname="testcases.AddressPageTest" name="@BeforeMethod setup" time="-1.641756134684E9">
    <skipped/>
  </testcase> <!-- @BeforeMethod setup -->
  <testcase classname="testcases.AddressPageTest" name="@AfterMethod tearDown" time="-1.641756134684E9">
    <skipped/>
  </testcase> <!-- @AfterMethod tearDown -->
  <testcase classname="testcases.AddToCardPageTest" name="@BeforeMethod setup" time="-1.641756134685E9">
    <failure type="org.testng.TestNGException" message="
Parameter &amp;apos;browser&amp;apos; is required by BeforeMethod on method setup but has not been marked @Optional or defined
">
      <![CDATA[org.testng.TestNGException: 
Parameter 'browser' is required by BeforeMethod on method setup but has not been marked @Optional or defined

at java.base/java.util.ArrayList.forEach(ArrayList.java:1511)
... Removed 38 stack frames]]>
    </failure>
  </testcase> <!-- @BeforeMethod setup -->
  <testcase classname="testcases.AddToCardPageTest" name="@AfterMethod tearDown" time="-1.641756134685E9">
    <skipped/>
  </testcase> <!-- @AfterMethod tearDown -->
  <testcase classname="testcases.AddToCardPageTest" name="@BeforeMethod setup" time="-1.641756134686E9">
    <skipped/>
  </testcase> <!-- @BeforeMethod setup -->
  <testcase classname="testcases.AddToCardPageTest" name="@AfterMethod tearDown" time="-1.641756134686E9">
    <skipped/>
  </testcase> <!-- @AfterMethod tearDown -->
  <testcase classname="testcases.EndToEndTest" name="@BeforeMethod setup" time="-1.641756134686E9">
    <failure type="org.testng.TestNGException" message="
Parameter &amp;apos;browser&amp;apos; is required by BeforeMethod on method setup but has not been marked @Optional or defined
">
      <![CDATA[org.testng.TestNGException: 
Parameter 'browser' is required by BeforeMethod on method setup but has not been marked @Optional or defined

at java.base/java.util.ArrayList.forEach(ArrayList.java:1511)
... Removed 38 stack frames]]>
    </failure>
  </testcase> <!-- @BeforeMethod setup -->
  <testcase classname="testcases.EndToEndTest" name="@AfterMethod tearDown" time="-1.641756134687E9">
    <skipped/>
  </testcase> <!-- @AfterMethod tearDown -->
  <testcase classname="testcases.HomePageTest" name="@BeforeMethod setup" time="-1.641756134687E9">
    <failure type="org.testng.TestNGException" message="
Parameter &amp;apos;browser&amp;apos; is required by BeforeMethod on method setup but has not been marked @Optional or defined
">
      <![CDATA[org.testng.TestNGException: 
Parameter 'browser' is required by BeforeMethod on method setup but has not been marked @Optional or defined

at java.base/java.util.ArrayList.forEach(ArrayList.java:1511)
... Removed 38 stack frames]]>
    </failure>
  </testcase> <!-- @BeforeMethod setup -->
  <testcase classname="testcases.HomePageTest" name="@AfterMethod tearDown" time="-1.641756134688E9">
    <skipped/>
  </testcase> <!-- @AfterMethod tearDown -->
  <testcase classname="testcases.HomePageTest" name="@BeforeMethod setup" time="-1.641756134688E9">
    <skipped/>
  </testcase> <!-- @BeforeMethod setup -->
  <testcase classname="testcases.HomePageTest" name="@AfterMethod tearDown" time="-1.641756134688E9">
    <skipped/>
  </testcase> <!-- @AfterMethod tearDown -->
  <testcase classname="testcases.LoginPageTest" name="@BeforeMethod setup" time="-1.641756134689E9">
    <failure type="org.testng.TestNGException" message="
Parameter &amp;apos;browser&amp;apos; is required by BeforeMethod on method setup but has not been marked @Optional or defined
">
      <![CDATA[org.testng.TestNGException: 
Parameter 'browser' is required by BeforeMethod on method setup but has not been marked @Optional or defined

at java.base/java.util.ArrayList.forEach(ArrayList.java:1511)
... Removed 38 stack frames]]>
    </failure>
  </testcase> <!-- @BeforeMethod setup -->
  <testcase classname="testcases.LoginPageTest" name="@AfterMethod tearDown" time="-1.641756134689E9">
    <skipped/>
  </testcase> <!-- @AfterMethod tearDown -->
  <testcase classname="testcases.LoginPageTest" name="@BeforeMethod setup" time="-1.641756135153E9">
    <skipped/>
  </testcase> <!-- @BeforeMethod setup -->
  <testcase classname="testcases.LoginPageTest" name="@AfterMethod tearDown" time="-1.641756135153E9">
    <skipped/>
  </testcase> <!-- @AfterMethod tearDown -->
  <testcase classname="testcases.LoginPageTest" name="@BeforeMethod setup" time="-1.641756135153E9">
    <skipped/>
  </testcase> <!-- @BeforeMethod setup -->
  <testcase classname="testcases.LoginPageTest" name="@AfterMethod tearDown" time="-1.641756135153E9">
    <skipped/>
  </testcase> <!-- @AfterMethod tearDown -->
  <testcase classname="testcases.LoginPageTest" name="@BeforeMethod setup" time="-1.641756135153E9">
    <skipped/>
  </testcase> <!-- @BeforeMethod setup -->
  <testcase classname="testcases.LoginPageTest" name="@AfterMethod tearDown" time="-1.641756135154E9">
    <skipped/>
  </testcase> <!-- @AfterMethod tearDown -->
  <testcase classname="testcases.LoginPageTest" name="@BeforeMethod setup" time="-1.641756135154E9">
    <skipped/>
  </testcase> <!-- @BeforeMethod setup -->
  <testcase classname="testcases.LoginPageTest" name="@AfterMethod tearDown" time="-1.641756135154E9">
    <skipped/>
  </testcase> <!-- @AfterMethod tearDown -->
  <testcase classname="testcases.OrderPageTest" name="@BeforeMethod setup" time="-1.641756135154E9">
    <failure type="org.testng.TestNGException" message="
Parameter &amp;apos;browser&amp;apos; is required by BeforeMethod on method setup but has not been marked @Optional or defined
">
      <![CDATA[org.testng.TestNGException: 
Parameter 'browser' is required by BeforeMethod on method setup but has not been marked @Optional or defined

at java.base/java.util.ArrayList.forEach(ArrayList.java:1511)
... Removed 38 stack frames]]>
    </failure>
  </testcase> <!-- @BeforeMethod setup -->
  <testcase classname="testcases.OrderPageTest" name="@AfterMethod tearDown" time="-1.641756135155E9">
    <skipped/>
  </testcase> <!-- @AfterMethod tearDown -->
  <testcase classname="testcases.OrderPageTest" name="@BeforeMethod setup" time="-1.641756135155E9">
    <skipped/>
  </testcase> <!-- @BeforeMethod setup -->
  <testcase classname="testcases.OrderPageTest" name="@AfterMethod tearDown" time="-1.641756135155E9">
    <skipped/>
  </testcase> <!-- @AfterMethod tearDown -->
  <testcase classname="testcases.OrderPageTest" name="@BeforeMethod setup" time="-1.641756135156E9">
    <skipped/>
  </testcase> <!-- @BeforeMethod setup -->
  <testcase classname="testcases.OrderPageTest" name="@AfterMethod tearDown" time="-1.641756135156E9">
    <skipped/>
  </testcase> <!-- @AfterMethod tearDown -->
  <testcase classname="testcases.OrderPageTest" name="@BeforeMethod setup" time="-1.641756135156E9">
    <skipped/>
  </testcase> <!-- @BeforeMethod setup -->
  <testcase classname="testcases.OrderPageTest" name="@AfterMethod tearDown" time="-1.641756135156E9">
    <skipped/>
  </testcase> <!-- @AfterMethod tearDown -->
  <testcase classname="testcases.PaymentPageTest" name="@BeforeMethod setup" time="-1.641756135156E9">
    <failure type="org.testng.TestNGException" message="
Parameter &amp;apos;browser&amp;apos; is required by BeforeMethod on method setup but has not been marked @Optional or defined
">
      <![CDATA[org.testng.TestNGException: 
Parameter 'browser' is required by BeforeMethod on method setup but has not been marked @Optional or defined

at java.base/java.util.ArrayList.forEach(ArrayList.java:1511)
... Removed 38 stack frames]]>
    </failure>
  </testcase> <!-- @BeforeMethod setup -->
  <testcase classname="testcases.PaymentPageTest" name="@AfterMethod tearDown" time="-1.641756135157E9">
    <skipped/>
  </testcase> <!-- @AfterMethod tearDown -->
  <testcase classname="testcases.SearchResultPageTest" name="@BeforeMethod setup" time="-1.641756135157E9">
    <failure type="org.testng.TestNGException" message="
Parameter &amp;apos;browser&amp;apos; is required by BeforeMethod on method setup but has not been marked @Optional or defined
">
      <![CDATA[org.testng.TestNGException: 
Parameter 'browser' is required by BeforeMethod on method setup but has not been marked @Optional or defined

at java.base/java.util.ArrayList.forEach(ArrayList.java:1511)
... Removed 38 stack frames]]>
    </failure>
  </testcase> <!-- @BeforeMethod setup -->
  <testcase classname="testcases.SearchResultPageTest" name="@AfterMethod tearDown" time="-1.641756135158E9">
    <skipped/>
  </testcase> <!-- @AfterMethod tearDown -->
  <testcase classname="testcases.SearchResultPageTest" name="@BeforeMethod setup" time="-1.641756135158E9">
    <skipped/>
  </testcase> <!-- @BeforeMethod setup -->
  <testcase classname="testcases.SearchResultPageTest" name="@AfterMethod tearDown" time="-1.641756135158E9">
    <skipped/>
  </testcase> <!-- @AfterMethod tearDown -->
  <testcase classname="testcases.SearchResultPageTest" name="@BeforeMethod setup" time="-1.641756135158E9">
    <skipped/>
  </testcase> <!-- @BeforeMethod setup -->
  <testcase classname="testcases.SearchResultPageTest" name="@AfterMethod tearDown" time="-1.641756135159E9">
    <skipped/>
  </testcase> <!-- @AfterMethod tearDown -->
  <testcase classname="testcases.ShippingPageTest" name="@BeforeMethod setup" time="-1.641756135159E9">
    <failure type="org.testng.TestNGException" message="
Parameter &amp;apos;browser&amp;apos; is required by BeforeMethod on method setup but has not been marked @Optional or defined
">
      <![CDATA[org.testng.TestNGException: 
Parameter 'browser' is required by BeforeMethod on method setup but has not been marked @Optional or defined

at java.base/java.util.ArrayList.forEach(ArrayList.java:1511)
... Removed 38 stack frames]]>
    </failure>
  </testcase> <!-- @BeforeMethod setup -->
  <testcase classname="testcases.ShippingPageTest" name="@AfterMethod tearDown" time="-1.641756135159E9">
    <skipped/>
  </testcase> <!-- @AfterMethod tearDown -->
  <testcase classname="testcases.AccountPageTest" name="verify_accountPage_title" time="0.0">
    <skipped/>
  </testcase> <!-- verify_accountPage_title -->
  <testcase classname="testcases.AccountPageTest" name="verify_username_display" time="0.0">
    <skipped/>
  </testcase> <!-- verify_username_display -->
  <testcase classname="testcases.AccountPageTest" name="search_box_test" time="0.0">
    <skipped/>
  </testcase> <!-- search_box_test -->
  <testcase classname="testcases.AddressPageTest" name="verify_AddressPage_title" time="0.0">
    <skipped/>
  </testcase> <!-- verify_AddressPage_title -->
  <testcase classname="testcases.AddressPageTest" name="validate_address" time="0.0">
    <skipped/>
  </testcase> <!-- validate_address -->
  <testcase classname="testcases.AddToCardPageTest" name="verify_Add_to_cartPage_title" time="0.0">
    <skipped/>
  </testcase> <!-- verify_Add_to_cartPage_title -->
  <testcase classname="testcases.AddToCardPageTest" name="pick_quantity_size" time="0.0">
    <skipped/>
  </testcase> <!-- pick_quantity_size -->
  <testcase classname="testcases.EndToEndTest" name="confirmation_order_message" time="0.0">
    <skipped/>
  </testcase> <!-- confirmation_order_message -->
  <testcase classname="testcases.HomePageTest" name="verify_HomePageTitle" time="0.0">
    <skipped/>
  </testcase> <!-- verify_HomePageTitle -->
  <testcase classname="testcases.HomePageTest" name="verify_HomePageLogo" time="0.0">
    <skipped/>
  </testcase> <!-- verify_HomePageLogo -->
  <testcase classname="testcases.LoginPageTest" name="verify_loginPageTitle" time="0.0">
    <skipped/>
  </testcase> <!-- verify_loginPageTitle -->
  <testcase classname="testcases.LoginPageTest" name="loginTest" time="0.0">
    <skipped/>
  </testcase> <!-- loginTest -->
  <testcase classname="testcases.LoginPageTest" name="loginTest" time="0.0">
    <skipped/>
  </testcase> <!-- loginTest -->
  <testcase classname="testcases.LoginPageTest" name="loginTest" time="0.0">
    <skipped/>
  </testcase> <!-- loginTest -->
  <testcase classname="testcases.LoginPageTest" name="loginTest" time="0.0">
    <skipped/>
  </testcase> <!-- loginTest -->
  <testcase classname="testcases.OrderPageTest" name="verify_product_available" time="0.0">
    <skipped/>
  </testcase> <!-- verify_product_available -->
  <testcase classname="testcases.OrderPageTest" name="validate_product_name" time="0.0">
    <skipped/>
  </testcase> <!-- validate_product_name -->
  <testcase classname="testcases.OrderPageTest" name="validate_product_size" time="0.0">
    <skipped/>
  </testcase> <!-- validate_product_size -->
  <testcase classname="testcases.OrderPageTest" name="validate_product_price" time="0.0">
    <skipped/>
  </testcase> <!-- validate_product_price -->
  <testcase classname="testcases.PaymentPageTest" name="PaymentTest" time="0.0">
    <skipped/>
  </testcase> <!-- PaymentTest -->
  <testcase classname="testcases.SearchResultPageTest" name="get_pageTitle" time="0.0">
    <skipped/>
  </testcase> <!-- get_pageTitle -->
  <testcase classname="testcases.SearchResultPageTest" name="get_resultTxt" time="0.0">
    <skipped/>
  </testcase> <!-- get_resultTxt -->
  <testcase classname="testcases.SearchResultPageTest" name="pick_product" time="0.0">
    <skipped/>
  </testcase> <!-- pick_product -->
  <testcase classname="testcases.ShippingPageTest" name="shipping_test" time="0.0">
    <skipped/>
  </testcase> <!-- shipping_test -->
  <testcase classname="base.BasePage" name="@BeforeSuite setLoad" time="0.0">
    <ignored/>
  </testcase> <!-- @BeforeSuite setLoad -->
  <testcase classname="base.BasePage" name="@BeforeSuite setLoad" time="0.0">
    <ignored/>
  </testcase> <!-- @BeforeSuite setLoad -->
  <testcase classname="base.BasePage" name="@BeforeSuite setLoad" time="0.0">
    <ignored/>
  </testcase> <!-- @BeforeSuite setLoad -->
  <testcase classname="base.BasePage" name="@BeforeSuite setLoad" time="0.0">
    <ignored/>
  </testcase> <!-- @BeforeSuite setLoad -->
  <testcase classname="base.BasePage" name="@BeforeSuite setLoad" time="0.0">
    <ignored/>
  </testcase> <!-- @BeforeSuite setLoad -->
  <testcase classname="base.BasePage" name="@BeforeSuite setLoad" time="0.0">
    <ignored/>
  </testcase> <!-- @BeforeSuite setLoad -->
  <testcase classname="base.BasePage" name="@BeforeSuite setLoad" time="0.0">
    <ignored/>
  </testcase> <!-- @BeforeSuite setLoad -->
  <testcase classname="base.BasePage" name="@BeforeSuite setLoad" time="0.0">
    <ignored/>
  </testcase> <!-- @BeforeSuite setLoad -->
  <testcase classname="base.BasePage" name="@BeforeSuite setLoad" time="0.0">
    <ignored/>
  </testcase> <!-- @BeforeSuite setLoad -->
</testsuite> <!-- Command line test -->
